<?xml version="1.0" encoding="UTF-8"?>
<!-- Generated by org.testng.reporters.JUnitReportReporter -->
<testsuite hostname="DESKTOP-66A6QG1" name="com.qa.testcases.SearchFlightResultsTest2" tests="7" failures="0" timestamp="21 May 2019 23:31:54 GMT" time="25.290" errors="0">
  <testcase name="selectReturnDate" time="0.433" classname="com.qa.testcases.SearchFlightResultsTest2"/>
  <testcase name="selectDepartureDate" time="2.600" classname="com.qa.testcases.SearchFlightResultsTest2"/>
  <testcase name="selectFromCity" time="1.604" classname="com.qa.testcases.SearchFlightResultsTest2"/>
  <testcase name="clickSearch" time="17.814" classname="com.qa.testcases.SearchFlightResultsTest2"/>
  <testcase name="selectTripOption" time="0.949" classname="com.qa.testcases.SearchFlightResultsTest2"/>
  <testcase name="selectToCity" time="1.462" classname="com.qa.testcases.SearchFlightResultsTest2"/>
  <testcase name="selectTripType" time="0.428" classname="com.qa.testcases.SearchFlightResultsTest2"/>
</testsuite> <!-- com.qa.testcases.SearchFlightResultsTest2 -->
